<?xml version="1.0" encoding="UTF-8"?>
<testng-results ignored="0" total="1" passed="0" failed="1" skipped="0">
  <reporter-output>
  </reporter-output>
  <suite started-at="2022-12-19T18:27:17 CET" name="Default suite" finished-at="2022-12-19T18:27:50 CET" duration-ms="33245">
    <groups>
      <group name="cucumber">
        <method signature="AbstractTestNGCucumberTests.runScenario(io.cucumber.testng.PickleWrapper,io.cucumber.testng.FeatureWrapper)[pri:0, instance:SearchBarTest@3e8c3cb]" name="runScenario" class="io.cucumber.testng.AbstractTestNGCucumberTests"/>
      </group> <!-- cucumber -->
    </groups>
    <test started-at="2022-12-19T18:27:17 CET" name="Default test" finished-at="2022-12-19T18:27:50 CET" duration-ms="33245">
      <class name="SearchBarTest">
        <test-method is-config="true" signature="setUpClass(org.testng.ITestContext)[pri:0, instance:SearchBarTest@3e8c3cb]" started-at="2022-12-19T18:27:17 CET" name="setUpClass" finished-at="2022-12-19T18:27:18 CET" duration-ms="448" status="PASS">
          <params>
            <param index="0">
              <value>
                <![CDATA[org.testng.TestRunner@64db4967]]>
              </value>
            </param>
          </params>
          <reporter-output>
          </reporter-output>
        </test-method> <!-- setUpClass -->
        <test-method signature="runScenario(io.cucumber.testng.PickleWrapper,io.cucumber.testng.FeatureWrapper)[pri:0, instance:SearchBarTest@3e8c3cb]" started-at="2022-12-19T18:27:18 CET" name="runScenario" description="Runs Cucumber Scenarios" data-provider="scenarios" finished-at="2022-12-19T18:27:50 CET" duration-ms="32705" status="FAIL">
          <params>
            <param index="0">
              <value>
                <![CDATA["Producte Existent"]]>
              </value>
            </param>
            <param index="1">
              <value>
                <![CDATA["SearchBar"]]>
              </value>
            </param>
          </params>
          <exception class="java.lang.AssertionError">
            <message>
              <![CDATA[expected [true] but found [false]]]>
            </message>
            <full-stacktrace>
              <![CDATA[java.lang.AssertionError: expected [true] but found [false]
at org.testng.Assert.fail(Assert.java:110)
at org.testng.Assert.failNotEquals(Assert.java:1413)
at org.testng.Assert.assertTrue(Assert.java:56)
at org.testng.Assert.assertTrue(Assert.java:66)
at steps.searchBarSteps.theDressListWithJeansAppears(searchBarSteps.java:81)
at âœ½.the product list with jeans appears(file:///C:/Users/guill/OneDrive/Escriptori/3r%20Carrera/QS/Eclipse%20workspace/CucumberTestTutorial/src/test/java/features/searchBar.feature:16)
]]>
            </full-stacktrace>
          </exception> <!-- java.lang.AssertionError -->
          <reporter-output>
          </reporter-output>
        </test-method> <!-- runScenario -->
        <test-method is-config="true" signature="tearDownClass()[pri:0, instance:SearchBarTest@3e8c3cb]" started-at="2022-12-19T18:27:50 CET" name="tearDownClass" finished-at="2022-12-19T18:27:50 CET" duration-ms="10" status="PASS">
          <reporter-output>
          </reporter-output>
        </test-method> <!-- tearDownClass -->
      </class> <!-- SearchBarTest -->
    </test> <!-- Default test -->
  </suite> <!-- Default suite -->
</testng-results>
