<?xml version="1.0" encoding="UTF-8"?>
<!-- Generated by org.testng.reporters.JUnitReportReporter -->
<testsuite hostname="LAPTOP-KJJCS39K" failures="0" tests="4" name="ReviewOfProductTest" time="39.691" errors="4" timestamp="2022-12-19T18:10:54 CET" skipped="0">
  <testcase classname="ReviewOfProductTest" name="runScenario" time="8.674">
    <error message="element click intercepted: Element &lt;a href=&quot;/product_details/1&quot; style=&quot;color: brown;&quot;&gt;...&lt;/a&gt; is not clickable at point (400, 647). Other element would receive the click: &lt;iframe id=&quot;aswift_7&quot; name=&quot;aswift_7&quot; style=&quot;width: 728px !important; height: 90px !important; display: block; margin: 0px auto;&quot; sandbox=&quot;allow-forms allow-popups allow-popups-to-escape-sandbox allow-same-origin allow-scripts allow-top-navigation-by-user-activation&quot; width=&quot;728&quot; height=&quot;90&quot; frameborder=&quot;0&quot; marginwidth=&quot;0&quot; marginheight=&quot;0&quot; vspace=&quot;0&quot; hspace=&quot;0&quot; allowtransparency=&quot;true&quot; scrolling=&quot;no&quot; src=&quot;https://googleads.g.doubleclick.net/pagead/html/r20221207/r20110914/zrt_lookup.html?fsb=1#RS-1-&amp;amp;adk=1812271801&amp;amp;client=ca-pub-1677597403311019&amp;amp;fa=1&amp;amp;ifi=8&amp;amp;uci=a!8&amp;amp;btvi=2&amp;amp;xpc=2QpZjMwk8y&amp;amp;p=https%3A//automationexercise.com&quot; data-google-container-id=&quot;a!8&quot; data-google-query-id=&quot;CITruKaWhvwCFcghBgAdOpwJOw&quot; data-load-complete=&quot;true&quot;&gt;&lt;/iframe&gt;
  (Session info: chrome=108.0.5359.125)
Build info: version: &#039;4.6.0&#039;, revision: &#039;79f1c02ae20&#039;
System info: os.name: &#039;Windows 11&#039;, os.arch: &#039;amd64&#039;, os.version: &#039;10.0&#039;, java.version: &#039;17.0.4.1&#039;
Driver info: org.openqa.selenium.chrome.ChromeDriver
Command: [d3904e9fa7d889e6668b761c834f2308, clickElement {id=12d3be0a-5c19-4b6f-893c-84a595fa1e8e}]
Capabilities {acceptInsecureCerts: false, browserName: chrome, browserVersion: 108.0.5359.125, chrome: {chromedriverVersion: 107.0.5304.62 (1eec40d3a576..., userDataDir: C:\Users\guill\AppData\Loca...}, goog:chromeOptions: {debuggerAddress: localhost:56594}, networkConnectionEnabled: false, pageLoadStrategy: normal, platformName: WINDOWS, proxy: Proxy(), se:cdp: ws://localhost:56594/devtoo..., se:cdpVersion: 108.0.5359.125, setWindowRect: true, strictFileInteractability: false, timeouts: {implicit: 0, pageLoad: 300000, script: 30000}, unhandledPromptBehavior: dismiss and notify, webauthn:extension:credBlob: true, webauthn:extension:largeBlob: true, webauthn:virtualAuthenticators: true}
Element: [[ChromeDriver: chrome on WINDOWS (d3904e9fa7d889e6668b761c834f2308)] -&gt; xpath: //a[@href=&#039;/product_details/1&#039;]]
Session ID: d3904e9fa7d889e6668b761c834f2308" type="org.openqa.selenium.ElementClickInterceptedException">
      <![CDATA[org.openqa.selenium.ElementClickInterceptedException: element click intercepted: Element <a href="/product_details/1" style="color: brown;">...</a> is not clickable at point (400, 647). Other element would receive the click: <iframe id="aswift_7" name="aswift_7" style="width: 728px !important; height: 90px !important; display: block; margin: 0px auto;" sandbox="allow-forms allow-popups allow-popups-to-escape-sandbox allow-same-origin allow-scripts allow-top-navigation-by-user-activation" width="728" height="90" frameborder="0" marginwidth="0" marginheight="0" vspace="0" hspace="0" allowtransparency="true" scrolling="no" src="https://googleads.g.doubleclick.net/pagead/html/r20221207/r20110914/zrt_lookup.html?fsb=1#RS-1-&amp;adk=1812271801&amp;client=ca-pub-1677597403311019&amp;fa=1&amp;ifi=8&amp;uci=a!8&amp;btvi=2&amp;xpc=2QpZjMwk8y&amp;p=https%3A//automationexercise.com" data-google-container-id="a!8" data-google-query-id="CITruKaWhvwCFcghBgAdOpwJOw" data-load-complete="true"></iframe>
  (Session info: chrome=108.0.5359.125)
Build info: version: '4.6.0', revision: '79f1c02ae20'
System info: os.name: 'Windows 11', os.arch: 'amd64', os.version: '10.0', java.version: '17.0.4.1'
Driver info: org.openqa.selenium.chrome.ChromeDriver
Command: [d3904e9fa7d889e6668b761c834f2308, clickElement {id=12d3be0a-5c19-4b6f-893c-84a595fa1e8e}]
Capabilities {acceptInsecureCerts: false, browserName: chrome, browserVersion: 108.0.5359.125, chrome: {chromedriverVersion: 107.0.5304.62 (1eec40d3a576..., userDataDir: C:\Users\guill\AppData\Loca...}, goog:chromeOptions: {debuggerAddress: localhost:56594}, networkConnectionEnabled: false, pageLoadStrategy: normal, platformName: WINDOWS, proxy: Proxy(), se:cdp: ws://localhost:56594/devtoo..., se:cdpVersion: 108.0.5359.125, setWindowRect: true, strictFileInteractability: false, timeouts: {implicit: 0, pageLoad: 300000, script: 30000}, unhandledPromptBehavior: dismiss and notify, webauthn:extension:credBlob: true, webauthn:extension:largeBlob: true, webauthn:virtualAuthenticators: true}
Element: [[ChromeDriver: chrome on WINDOWS (d3904e9fa7d889e6668b761c834f2308)] -> xpath: //a[@href='/product_details/1']]
Session ID: d3904e9fa7d889e6668b761c834f2308
at java.base/jdk.internal.reflect.NativeConstructorAccessorImpl.newInstance0(Native Method)
at java.base/jdk.internal.reflect.NativeConstructorAccessorImpl.newInstance(NativeConstructorAccessorImpl.java:77)
at java.base/jdk.internal.reflect.DelegatingConstructorAccessorImpl.newInstance(DelegatingConstructorAccessorImpl.java:45)
at java.base/java.lang.reflect.Constructor.newInstanceWithCaller(Constructor.java:499)
at java.base/java.lang.reflect.Constructor.newInstance(Constructor.java:480)
at org.openqa.selenium.remote.codec.w3c.W3CHttpResponseCodec.createException(W3CHttpResponseCodec.java:200)
at org.openqa.selenium.remote.codec.w3c.W3CHttpResponseCodec.decode(W3CHttpResponseCodec.java:133)
at org.openqa.selenium.remote.codec.w3c.W3CHttpResponseCodec.decode(W3CHttpResponseCodec.java:53)
at org.openqa.selenium.remote.HttpCommandExecutor.execute(HttpCommandExecutor.java:184)
at org.openqa.selenium.remote.service.DriverCommandExecutor.invokeExecute(DriverCommandExecutor.java:167)
at org.openqa.selenium.remote.service.DriverCommandExecutor.execute(DriverCommandExecutor.java:142)
at org.openqa.selenium.remote.RemoteWebDriver.execute(RemoteWebDriver.java:541)
at org.openqa.selenium.remote.RemoteWebElement.execute(RemoteWebElement.java:257)
at org.openqa.selenium.remote.RemoteWebElement.click(RemoteWebElement.java:78)
at steps.reviewOfProductSteps.userClicksViewProductOfOneProduct(reviewOfProductSteps.java:23)
at ✽.user clicks view product of one product(file:///C:/Users/guill/OneDrive/Escriptori/3r%20Carrera/QS/Eclipse%20workspace/CucumberTestTutorial/src/test/java/features/reviewOfProduct.feature:5)
]]>
    </error>
  </testcase> <!-- runScenario -->
  <system-out/>
  <testcase classname="ReviewOfProductTest" name="runScenario" time="16.987">
    <error message="element click intercepted: Element &lt;a href=&quot;/product_details/1&quot; style=&quot;color: brown;&quot;&gt;...&lt;/a&gt; is not clickable at point (400, 647). Other element would receive the click: &lt;iframe id=&quot;aswift_7&quot; name=&quot;aswift_7&quot; style=&quot;width: 1005px !important; height: 124px !important; display: block; margin: 0px auto;&quot; sandbox=&quot;allow-forms allow-popups allow-popups-to-escape-sandbox allow-same-origin allow-scripts allow-top-navigation-by-user-activation&quot; width=&quot;1005&quot; height=&quot;124&quot; frameborder=&quot;0&quot; marginwidth=&quot;0&quot; marginheight=&quot;0&quot; vspace=&quot;0&quot; hspace=&quot;0&quot; allowtransparency=&quot;true&quot; scrolling=&quot;no&quot; src=&quot;https://googleads.g.doubleclick.net/pagead/html/r20221207/r20110914/zrt_lookup.html?fsb=1#RS-1-&amp;amp;adk=1812271801&amp;amp;client=ca-pub-1677597403311019&amp;amp;fa=1&amp;amp;ifi=8&amp;amp;uci=a!8&amp;amp;btvi=2&amp;amp;xpc=pbzJyxSLQk&amp;amp;p=https%3A//automationexercise.com&quot; data-google-container-id=&quot;a!8&quot; data-google-query-id=&quot;CO6B1rSWhvwCFTIe0wodJOkL7g&quot; data-load-complete=&quot;true&quot;&gt;&lt;/iframe&gt;
  (Session info: chrome=108.0.5359.125)
Build info: version: &#039;4.6.0&#039;, revision: &#039;79f1c02ae20&#039;
System info: os.name: &#039;Windows 11&#039;, os.arch: &#039;amd64&#039;, os.version: &#039;10.0&#039;, java.version: &#039;17.0.4.1&#039;
Driver info: org.openqa.selenium.chrome.ChromeDriver
Command: [c89ad1c489f51fc1555cf0ac4458e341, clickElement {id=eb3c6299-f993-4827-a9de-76472aa7d9be}]
Capabilities {acceptInsecureCerts: false, browserName: chrome, browserVersion: 108.0.5359.125, chrome: {chromedriverVersion: 107.0.5304.62 (1eec40d3a576..., userDataDir: C:\Users\guill\AppData\Loca...}, goog:chromeOptions: {debuggerAddress: localhost:56753}, networkConnectionEnabled: false, pageLoadStrategy: normal, platformName: WINDOWS, proxy: Proxy(), se:cdp: ws://localhost:56753/devtoo..., se:cdpVersion: 108.0.5359.125, setWindowRect: true, strictFileInteractability: false, timeouts: {implicit: 0, pageLoad: 300000, script: 30000}, unhandledPromptBehavior: dismiss and notify, webauthn:extension:credBlob: true, webauthn:extension:largeBlob: true, webauthn:virtualAuthenticators: true}
Element: [[ChromeDriver: chrome on WINDOWS (c89ad1c489f51fc1555cf0ac4458e341)] -&gt; xpath: //a[@href=&#039;/product_details/1&#039;]]
Session ID: c89ad1c489f51fc1555cf0ac4458e341" type="org.openqa.selenium.ElementClickInterceptedException">
      <![CDATA[org.openqa.selenium.ElementClickInterceptedException: element click intercepted: Element <a href="/product_details/1" style="color: brown;">...</a> is not clickable at point (400, 647). Other element would receive the click: <iframe id="aswift_7" name="aswift_7" style="width: 1005px !important; height: 124px !important; display: block; margin: 0px auto;" sandbox="allow-forms allow-popups allow-popups-to-escape-sandbox allow-same-origin allow-scripts allow-top-navigation-by-user-activation" width="1005" height="124" frameborder="0" marginwidth="0" marginheight="0" vspace="0" hspace="0" allowtransparency="true" scrolling="no" src="https://googleads.g.doubleclick.net/pagead/html/r20221207/r20110914/zrt_lookup.html?fsb=1#RS-1-&amp;adk=1812271801&amp;client=ca-pub-1677597403311019&amp;fa=1&amp;ifi=8&amp;uci=a!8&amp;btvi=2&amp;xpc=pbzJyxSLQk&amp;p=https%3A//automationexercise.com" data-google-container-id="a!8" data-google-query-id="CO6B1rSWhvwCFTIe0wodJOkL7g" data-load-complete="true"></iframe>
  (Session info: chrome=108.0.5359.125)
Build info: version: '4.6.0', revision: '79f1c02ae20'
System info: os.name: 'Windows 11', os.arch: 'amd64', os.version: '10.0', java.version: '17.0.4.1'
Driver info: org.openqa.selenium.chrome.ChromeDriver
Command: [c89ad1c489f51fc1555cf0ac4458e341, clickElement {id=eb3c6299-f993-4827-a9de-76472aa7d9be}]
Capabilities {acceptInsecureCerts: false, browserName: chrome, browserVersion: 108.0.5359.125, chrome: {chromedriverVersion: 107.0.5304.62 (1eec40d3a576..., userDataDir: C:\Users\guill\AppData\Loca...}, goog:chromeOptions: {debuggerAddress: localhost:56753}, networkConnectionEnabled: false, pageLoadStrategy: normal, platformName: WINDOWS, proxy: Proxy(), se:cdp: ws://localhost:56753/devtoo..., se:cdpVersion: 108.0.5359.125, setWindowRect: true, strictFileInteractability: false, timeouts: {implicit: 0, pageLoad: 300000, script: 30000}, unhandledPromptBehavior: dismiss and notify, webauthn:extension:credBlob: true, webauthn:extension:largeBlob: true, webauthn:virtualAuthenticators: true}
Element: [[ChromeDriver: chrome on WINDOWS (c89ad1c489f51fc1555cf0ac4458e341)] -> xpath: //a[@href='/product_details/1']]
Session ID: c89ad1c489f51fc1555cf0ac4458e341
at java.base/jdk.internal.reflect.NativeConstructorAccessorImpl.newInstance0(Native Method)
at java.base/jdk.internal.reflect.NativeConstructorAccessorImpl.newInstance(NativeConstructorAccessorImpl.java:77)
at java.base/jdk.internal.reflect.DelegatingConstructorAccessorImpl.newInstance(DelegatingConstructorAccessorImpl.java:45)
at java.base/java.lang.reflect.Constructor.newInstanceWithCaller(Constructor.java:499)
at java.base/java.lang.reflect.Constructor.newInstance(Constructor.java:480)
at org.openqa.selenium.remote.codec.w3c.W3CHttpResponseCodec.createException(W3CHttpResponseCodec.java:200)
at org.openqa.selenium.remote.codec.w3c.W3CHttpResponseCodec.decode(W3CHttpResponseCodec.java:133)
at org.openqa.selenium.remote.codec.w3c.W3CHttpResponseCodec.decode(W3CHttpResponseCodec.java:53)
at org.openqa.selenium.remote.HttpCommandExecutor.execute(HttpCommandExecutor.java:184)
at org.openqa.selenium.remote.service.DriverCommandExecutor.invokeExecute(DriverCommandExecutor.java:167)
at org.openqa.selenium.remote.service.DriverCommandExecutor.execute(DriverCommandExecutor.java:142)
at org.openqa.selenium.remote.RemoteWebDriver.execute(RemoteWebDriver.java:541)
at org.openqa.selenium.remote.RemoteWebElement.execute(RemoteWebElement.java:257)
at org.openqa.selenium.remote.RemoteWebElement.click(RemoteWebElement.java:78)
at steps.reviewOfProductSteps.userClicksViewProductOfOneProduct(reviewOfProductSteps.java:23)
at ✽.user clicks view product of one product(file:///C:/Users/guill/OneDrive/Escriptori/3r%20Carrera/QS/Eclipse%20workspace/CucumberTestTutorial/src/test/java/features/reviewOfProduct.feature:33)
]]>
    </error>
  </testcase> <!-- runScenario -->
  <system-out/>
  <testcase classname="ReviewOfProductTest" name="runScenario" time="7.002">
    <error message="element click intercepted: Element &lt;a href=&quot;/product_details/1&quot; style=&quot;color: brown;&quot;&gt;...&lt;/a&gt; is not clickable at point (400, 647). Other element would receive the click: &lt;iframe id=&quot;aswift_6&quot; name=&quot;aswift_6&quot; style=&quot;width: 728px !important; height: 90px !important; display: block; margin: 0px auto;&quot; sandbox=&quot;allow-forms allow-popups allow-popups-to-escape-sandbox allow-same-origin allow-scripts allow-top-navigation-by-user-activation&quot; width=&quot;728&quot; height=&quot;90&quot; frameborder=&quot;0&quot; marginwidth=&quot;0&quot; marginheight=&quot;0&quot; vspace=&quot;0&quot; hspace=&quot;0&quot; allowtransparency=&quot;true&quot; scrolling=&quot;no&quot; src=&quot;https://googleads.g.doubleclick.net/pagead/html/r20221207/r20110914/zrt_lookup.html?fsb=1#RS-0-&amp;amp;adk=1812271801&amp;amp;client=ca-pub-1677597403311019&amp;amp;fa=1&amp;amp;ifi=7&amp;amp;uci=a!7&amp;amp;btvi=2&amp;amp;xpc=fI8tynKrXu&amp;amp;p=https%3A//automationexercise.com&quot; data-google-container-id=&quot;a!7&quot; data-google-query-id=&quot;CJDeoq2WhvwCFUThUQodUVUFFw&quot; data-load-complete=&quot;true&quot;&gt;&lt;/iframe&gt;
  (Session info: chrome=108.0.5359.125)
Build info: version: &#039;4.6.0&#039;, revision: &#039;79f1c02ae20&#039;
System info: os.name: &#039;Windows 11&#039;, os.arch: &#039;amd64&#039;, os.version: &#039;10.0&#039;, java.version: &#039;17.0.4.1&#039;
Driver info: org.openqa.selenium.chrome.ChromeDriver
Command: [e9a0ec5568a091891e82610ca90de8c3, clickElement {id=20c8f637-88b1-460c-bd5c-05e00cf3c547}]
Capabilities {acceptInsecureCerts: false, browserName: chrome, browserVersion: 108.0.5359.125, chrome: {chromedriverVersion: 107.0.5304.62 (1eec40d3a576..., userDataDir: C:\Users\guill\AppData\Loca...}, goog:chromeOptions: {debuggerAddress: localhost:56697}, networkConnectionEnabled: false, pageLoadStrategy: normal, platformName: WINDOWS, proxy: Proxy(), se:cdp: ws://localhost:56697/devtoo..., se:cdpVersion: 108.0.5359.125, setWindowRect: true, strictFileInteractability: false, timeouts: {implicit: 0, pageLoad: 300000, script: 30000}, unhandledPromptBehavior: dismiss and notify, webauthn:extension:credBlob: true, webauthn:extension:largeBlob: true, webauthn:virtualAuthenticators: true}
Element: [[ChromeDriver: chrome on WINDOWS (e9a0ec5568a091891e82610ca90de8c3)] -&gt; xpath: //a[@href=&#039;/product_details/1&#039;]]
Session ID: e9a0ec5568a091891e82610ca90de8c3" type="org.openqa.selenium.ElementClickInterceptedException">
      <![CDATA[org.openqa.selenium.ElementClickInterceptedException: element click intercepted: Element <a href="/product_details/1" style="color: brown;">...</a> is not clickable at point (400, 647). Other element would receive the click: <iframe id="aswift_6" name="aswift_6" style="width: 728px !important; height: 90px !important; display: block; margin: 0px auto;" sandbox="allow-forms allow-popups allow-popups-to-escape-sandbox allow-same-origin allow-scripts allow-top-navigation-by-user-activation" width="728" height="90" frameborder="0" marginwidth="0" marginheight="0" vspace="0" hspace="0" allowtransparency="true" scrolling="no" src="https://googleads.g.doubleclick.net/pagead/html/r20221207/r20110914/zrt_lookup.html?fsb=1#RS-0-&amp;adk=1812271801&amp;client=ca-pub-1677597403311019&amp;fa=1&amp;ifi=7&amp;uci=a!7&amp;btvi=2&amp;xpc=fI8tynKrXu&amp;p=https%3A//automationexercise.com" data-google-container-id="a!7" data-google-query-id="CJDeoq2WhvwCFUThUQodUVUFFw" data-load-complete="true"></iframe>
  (Session info: chrome=108.0.5359.125)
Build info: version: '4.6.0', revision: '79f1c02ae20'
System info: os.name: 'Windows 11', os.arch: 'amd64', os.version: '10.0', java.version: '17.0.4.1'
Driver info: org.openqa.selenium.chrome.ChromeDriver
Command: [e9a0ec5568a091891e82610ca90de8c3, clickElement {id=20c8f637-88b1-460c-bd5c-05e00cf3c547}]
Capabilities {acceptInsecureCerts: false, browserName: chrome, browserVersion: 108.0.5359.125, chrome: {chromedriverVersion: 107.0.5304.62 (1eec40d3a576..., userDataDir: C:\Users\guill\AppData\Loca...}, goog:chromeOptions: {debuggerAddress: localhost:56697}, networkConnectionEnabled: false, pageLoadStrategy: normal, platformName: WINDOWS, proxy: Proxy(), se:cdp: ws://localhost:56697/devtoo..., se:cdpVersion: 108.0.5359.125, setWindowRect: true, strictFileInteractability: false, timeouts: {implicit: 0, pageLoad: 300000, script: 30000}, unhandledPromptBehavior: dismiss and notify, webauthn:extension:credBlob: true, webauthn:extension:largeBlob: true, webauthn:virtualAuthenticators: true}
Element: [[ChromeDriver: chrome on WINDOWS (e9a0ec5568a091891e82610ca90de8c3)] -> xpath: //a[@href='/product_details/1']]
Session ID: e9a0ec5568a091891e82610ca90de8c3
at java.base/jdk.internal.reflect.NativeConstructorAccessorImpl.newInstance0(Native Method)
at java.base/jdk.internal.reflect.NativeConstructorAccessorImpl.newInstance(NativeConstructorAccessorImpl.java:77)
at java.base/jdk.internal.reflect.DelegatingConstructorAccessorImpl.newInstance(DelegatingConstructorAccessorImpl.java:45)
at java.base/java.lang.reflect.Constructor.newInstanceWithCaller(Constructor.java:499)
at java.base/java.lang.reflect.Constructor.newInstance(Constructor.java:480)
at org.openqa.selenium.remote.codec.w3c.W3CHttpResponseCodec.createException(W3CHttpResponseCodec.java:200)
at org.openqa.selenium.remote.codec.w3c.W3CHttpResponseCodec.decode(W3CHttpResponseCodec.java:133)
at org.openqa.selenium.remote.codec.w3c.W3CHttpResponseCodec.decode(W3CHttpResponseCodec.java:53)
at org.openqa.selenium.remote.HttpCommandExecutor.execute(HttpCommandExecutor.java:184)
at org.openqa.selenium.remote.service.DriverCommandExecutor.invokeExecute(DriverCommandExecutor.java:167)
at org.openqa.selenium.remote.service.DriverCommandExecutor.execute(DriverCommandExecutor.java:142)
at org.openqa.selenium.remote.RemoteWebDriver.execute(RemoteWebDriver.java:541)
at org.openqa.selenium.remote.RemoteWebElement.execute(RemoteWebElement.java:257)
at org.openqa.selenium.remote.RemoteWebElement.click(RemoteWebElement.java:78)
at steps.reviewOfProductSteps.userClicksViewProductOfOneProduct(reviewOfProductSteps.java:23)
at ✽.user clicks view product of one product(file:///C:/Users/guill/OneDrive/Escriptori/3r%20Carrera/QS/Eclipse%20workspace/CucumberTestTutorial/src/test/java/features/reviewOfProduct.feature:24)
]]>
    </error>
  </testcase> <!-- runScenario -->
  <system-out/>
  <testcase classname="ReviewOfProductTest" name="runScenario" time="7.028">
    <error message="element click intercepted: Element &lt;a href=&quot;/product_details/1&quot; style=&quot;color: brown;&quot;&gt;...&lt;/a&gt; is not clickable at point (400, 647). Other element would receive the click: &lt;iframe id=&quot;aswift_5&quot; name=&quot;aswift_5&quot; style=&quot;width: 728px !important; height: 90px !important; display: block; margin: 0px auto;&quot; sandbox=&quot;allow-forms allow-popups allow-popups-to-escape-sandbox allow-same-origin allow-scripts allow-top-navigation-by-user-activation&quot; width=&quot;728&quot; height=&quot;90&quot; frameborder=&quot;0&quot; marginwidth=&quot;0&quot; marginheight=&quot;0&quot; vspace=&quot;0&quot; hspace=&quot;0&quot; allowtransparency=&quot;true&quot; scrolling=&quot;no&quot; src=&quot;https://googleads.g.doubleclick.net/pagead/html/r20221207/r20110914/zrt_lookup.html?fsb=1#RS-0-&amp;amp;adk=1812271801&amp;amp;client=ca-pub-1677597403311019&amp;amp;fa=1&amp;amp;ifi=6&amp;amp;uci=a!6&amp;amp;btvi=2&amp;amp;xpc=LcTXo2gO6g&amp;amp;p=https%3A//automationexercise.com&quot; data-google-container-id=&quot;a!6&quot; data-google-query-id=&quot;CKu-1KmWhvwCFRKr1QodFuQIaw&quot; data-load-complete=&quot;true&quot;&gt;&lt;/iframe&gt;
  (Session info: chrome=108.0.5359.125)
Build info: version: &#039;4.6.0&#039;, revision: &#039;79f1c02ae20&#039;
System info: os.name: &#039;Windows 11&#039;, os.arch: &#039;amd64&#039;, os.version: &#039;10.0&#039;, java.version: &#039;17.0.4.1&#039;
Driver info: org.openqa.selenium.chrome.ChromeDriver
Command: [172368eaa7a71bd00630b6d04a702fe8, clickElement {id=4df003bc-dbdc-45fe-a76f-4ddda37c0b0a}]
Capabilities {acceptInsecureCerts: false, browserName: chrome, browserVersion: 108.0.5359.125, chrome: {chromedriverVersion: 107.0.5304.62 (1eec40d3a576..., userDataDir: C:\Users\guill\AppData\Loca...}, goog:chromeOptions: {debuggerAddress: localhost:56645}, networkConnectionEnabled: false, pageLoadStrategy: normal, platformName: WINDOWS, proxy: Proxy(), se:cdp: ws://localhost:56645/devtoo..., se:cdpVersion: 108.0.5359.125, setWindowRect: true, strictFileInteractability: false, timeouts: {implicit: 0, pageLoad: 300000, script: 30000}, unhandledPromptBehavior: dismiss and notify, webauthn:extension:credBlob: true, webauthn:extension:largeBlob: true, webauthn:virtualAuthenticators: true}
Element: [[ChromeDriver: chrome on WINDOWS (172368eaa7a71bd00630b6d04a702fe8)] -&gt; xpath: //a[@href=&#039;/product_details/1&#039;]]
Session ID: 172368eaa7a71bd00630b6d04a702fe8" type="org.openqa.selenium.ElementClickInterceptedException">
      <![CDATA[org.openqa.selenium.ElementClickInterceptedException: element click intercepted: Element <a href="/product_details/1" style="color: brown;">...</a> is not clickable at point (400, 647). Other element would receive the click: <iframe id="aswift_5" name="aswift_5" style="width: 728px !important; height: 90px !important; display: block; margin: 0px auto;" sandbox="allow-forms allow-popups allow-popups-to-escape-sandbox allow-same-origin allow-scripts allow-top-navigation-by-user-activation" width="728" height="90" frameborder="0" marginwidth="0" marginheight="0" vspace="0" hspace="0" allowtransparency="true" scrolling="no" src="https://googleads.g.doubleclick.net/pagead/html/r20221207/r20110914/zrt_lookup.html?fsb=1#RS-0-&amp;adk=1812271801&amp;client=ca-pub-1677597403311019&amp;fa=1&amp;ifi=6&amp;uci=a!6&amp;btvi=2&amp;xpc=LcTXo2gO6g&amp;p=https%3A//automationexercise.com" data-google-container-id="a!6" data-google-query-id="CKu-1KmWhvwCFRKr1QodFuQIaw" data-load-complete="true"></iframe>
  (Session info: chrome=108.0.5359.125)
Build info: version: '4.6.0', revision: '79f1c02ae20'
System info: os.name: 'Windows 11', os.arch: 'amd64', os.version: '10.0', java.version: '17.0.4.1'
Driver info: org.openqa.selenium.chrome.ChromeDriver
Command: [172368eaa7a71bd00630b6d04a702fe8, clickElement {id=4df003bc-dbdc-45fe-a76f-4ddda37c0b0a}]
Capabilities {acceptInsecureCerts: false, browserName: chrome, browserVersion: 108.0.5359.125, chrome: {chromedriverVersion: 107.0.5304.62 (1eec40d3a576..., userDataDir: C:\Users\guill\AppData\Loca...}, goog:chromeOptions: {debuggerAddress: localhost:56645}, networkConnectionEnabled: false, pageLoadStrategy: normal, platformName: WINDOWS, proxy: Proxy(), se:cdp: ws://localhost:56645/devtoo..., se:cdpVersion: 108.0.5359.125, setWindowRect: true, strictFileInteractability: false, timeouts: {implicit: 0, pageLoad: 300000, script: 30000}, unhandledPromptBehavior: dismiss and notify, webauthn:extension:credBlob: true, webauthn:extension:largeBlob: true, webauthn:virtualAuthenticators: true}
Element: [[ChromeDriver: chrome on WINDOWS (172368eaa7a71bd00630b6d04a702fe8)] -> xpath: //a[@href='/product_details/1']]
Session ID: 172368eaa7a71bd00630b6d04a702fe8
at java.base/jdk.internal.reflect.NativeConstructorAccessorImpl.newInstance0(Native Method)
at java.base/jdk.internal.reflect.NativeConstructorAccessorImpl.newInstance(NativeConstructorAccessorImpl.java:77)
at java.base/jdk.internal.reflect.DelegatingConstructorAccessorImpl.newInstance(DelegatingConstructorAccessorImpl.java:45)
at java.base/java.lang.reflect.Constructor.newInstanceWithCaller(Constructor.java:499)
at java.base/java.lang.reflect.Constructor.newInstance(Constructor.java:480)
at org.openqa.selenium.remote.codec.w3c.W3CHttpResponseCodec.createException(W3CHttpResponseCodec.java:200)
at org.openqa.selenium.remote.codec.w3c.W3CHttpResponseCodec.decode(W3CHttpResponseCodec.java:133)
at org.openqa.selenium.remote.codec.w3c.W3CHttpResponseCodec.decode(W3CHttpResponseCodec.java:53)
at org.openqa.selenium.remote.HttpCommandExecutor.execute(HttpCommandExecutor.java:184)
at org.openqa.selenium.remote.service.DriverCommandExecutor.invokeExecute(DriverCommandExecutor.java:167)
at org.openqa.selenium.remote.service.DriverCommandExecutor.execute(DriverCommandExecutor.java:142)
at org.openqa.selenium.remote.RemoteWebDriver.execute(RemoteWebDriver.java:541)
at org.openqa.selenium.remote.RemoteWebElement.execute(RemoteWebElement.java:257)
at org.openqa.selenium.remote.RemoteWebElement.click(RemoteWebElement.java:78)
at steps.reviewOfProductSteps.userClicksViewProductOfOneProduct(reviewOfProductSteps.java:23)
at ✽.user clicks view product of one product(file:///C:/Users/guill/OneDrive/Escriptori/3r%20Carrera/QS/Eclipse%20workspace/CucumberTestTutorial/src/test/java/features/reviewOfProduct.feature:15)
]]>
    </error>
  </testcase> <!-- runScenario -->
  <system-out/>
</testsuite> <!-- ReviewOfProductTest -->
