<?xml version="1.0" encoding="UTF-8"?>
<!-- Generated by org.testng.reporters.JUnitReportReporter -->
<testsuite hostname="LAPTOP-KJJCS39K" failures="1" tests="1" name="SearchBarTest" time="32.705" errors="0" timestamp="2022-12-19T18:27:51 CET" skipped="0">
  <testcase classname="SearchBarTest" name="runScenario" time="32.705">
    <failure message="expected [true] but found [false]" type="java.lang.AssertionError">
      <![CDATA[java.lang.AssertionError: expected [true] but found [false]
at org.testng.Assert.fail(Assert.java:110)
at org.testng.Assert.failNotEquals(Assert.java:1413)
at org.testng.Assert.assertTrue(Assert.java:56)
at org.testng.Assert.assertTrue(Assert.java:66)
at steps.searchBarSteps.theDressListWithJeansAppears(searchBarSteps.java:81)
at ✽.the product list with jeans appears(file:///C:/Users/guill/OneDrive/Escriptori/3r%20Carrera/QS/Eclipse%20workspace/CucumberTestTutorial/src/test/java/features/searchBar.feature:16)
]]>
    </failure>
  </testcase> <!-- runScenario -->
  <system-out/>
</testsuite> <!-- SearchBarTest -->
