<?xml version="1.0" encoding="UTF-8"?>
<!-- Generated by org.testng.reporters.JUnitXMLReporter -->
<testsuite ignored="0" hostname="LAPTOP-KJJCS39K" failures="1" tests="1" name="Default test" time="33.245" errors="0" timestamp="2022-12-19T18:27:50 CET">
  <testcase classname="io.cucumber.testng.AbstractTestNGCucumberTests" name="runScenario" time="32.705">
    <failure type="java.lang.AssertionError" message="expected [true] but found [false]">
      <![CDATA[java.lang.AssertionError: expected [true] but found [false]
at org.testng.Assert.fail(Assert.java:110)
at org.testng.Assert.failNotEquals(Assert.java:1413)
at org.testng.Assert.assertTrue(Assert.java:56)
at org.testng.Assert.assertTrue(Assert.java:66)
at steps.searchBarSteps.theDressListWithJeansAppears(searchBarSteps.java:81)
at ✽.the product list with jeans appears(file:///C:/Users/guill/OneDrive/Escriptori/3r%20Carrera/QS/Eclipse%20workspace/CucumberTestTutorial/src/test/java/features/searchBar.feature:16)
]]>
    </failure>
  </testcase> <!-- runScenario -->
</testsuite> <!-- Default test -->
